<?xml version="1.0" encoding="UTF-8"?>
<!-- Generated by org.testng.reporters.JUnitReportReporter -->
<testsuite hostname="Acer" failures="0" tests="4" name="TestNGPackage.OrangeHRMTestTest" time="11.138" errors="0" timestamp="2024-01-24T18:10:45 IST" skipped="0">
  <testcase classname="TestNGPackage.OrangeHRMTestTest" name="loginTest" time="4.516"/>
  <system-out/>
  <testcase classname="TestNGPackage.OrangeHRMTestTest" name="currURLTest" time="0.489"/>
  <system-out/>
  <testcase classname="TestNGPackage.OrangeHRMTestTest" name="logout" time="5.664"/>
  <system-out/>
  <testcase classname="TestNGPackage.OrangeHRMTestTest" name="titleTest" time="0.469"/>
  <system-out/>
</testsuite> <!-- TestNGPackage.OrangeHRMTestTest -->
