<?xml version="1.0" encoding="UTF-8"?>
<!-- Generated by org.testng.reporters.JUnitReportReporter -->
<testsuite hostname="Acer" failures="0" tests="1" name="newallure.Testcase2Test" time="0.072" errors="0" timestamp="2024-01-19T13:14:25 IST" skipped="0">
  <testcase classname="newallure.Testcase2Test" name="testMethod2" time="0.072"/>
  <system-out/>
</testsuite> <!-- newallure.Testcase2Test -->
