<?xml version="1.0" encoding="UTF-8"?>
<!-- Generated by org.testng.reporters.JUnitReportReporter -->
<testsuite hostname="Acer" failures="0" tests="1" name="kapruka.com.kaprukaTest" time="6.141" errors="0" timestamp="2024-01-19T11:56:36 IST" skipped="0">
  <testcase classname="kapruka.com.kaprukaTest" name="Register" time="6.141"/>
  <system-out/>
</testsuite> <!-- kapruka.com.kaprukaTest -->
