<?xml version="1.0" encoding="UTF-8"?>
<!-- Generated by org.testng.reporters.JUnitReportReporter -->
<testsuite hostname="Acer" failures="0" tests="1" name="newallure.NewTest2" time="0.056" errors="0" timestamp="2024-01-19T21:00:30 IST" skipped="0">
  <testcase classname="newallure.NewTest2" name="testMethod2" time="0.056"/>
  <system-out/>
</testsuite> <!-- newallure.NewTest2 -->
