<?xml version="1.0" encoding="UTF-8"?>
<!-- Generated by org.testng.reporters.JUnitReportReporter -->
<testsuite hostname="Acer" failures="0" tests="2" name="NewTest" time="0.008" errors="0" timestamp="2024-01-17T15:33:03 IST" skipped="0">
  <testcase classname="NewTest" name="testMethod" time="0.007"/>
  <system-out/>
  <testcase classname="NewTest" name="testMethod" time="0.001"/>
  <system-out/>
</testsuite> <!-- NewTest -->
