<?xml version="1.0" encoding="UTF-8"?>
<!-- Generated by org.testng.reporters.JUnitReportReporter -->
<testsuite hostname="Acer" failures="0" tests="4" name="MethodParam" time="0.018" errors="0" timestamp="2024-01-17T16:50:31 IST" skipped="0">
  <testcase classname="MethodParam" name="diff" time="0.015"/>
  <system-out/>
  <testcase classname="MethodParam" name="sum" time="0.001"/>
  <system-out/>
  <testcase classname="MethodParam" name="sum" time="0.001"/>
  <system-out/>
  <testcase classname="MethodParam" name="diff" time="0.001"/>
  <system-out/>
</testsuite> <!-- MethodParam -->
