<?xml version="1.0" encoding="UTF-8"?>
<!-- Generated by org.testng.reporters.JUnitReportReporter -->
<testsuite hostname="Acer" failures="0" tests="1" name="SimpleTestNGProgram" time="0.024" errors="0" timestamp="2024-01-18T12:49:55 IST" skipped="0">
  <testcase classname="SimpleTestNGProgram" name="titleTest" time="0.024"/>
  <system-out/>
</testsuite> <!-- SimpleTestNGProgram -->
