<?xml version="1.0" encoding="UTF-8"?>
<!-- Generated by org.testng.reporters.JUnitReportReporter -->
<testsuite hostname="Acer" failures="0" tests="2" name="newallure.NewTest3" time="0.009" errors="0" timestamp="2024-01-19T21:00:30 IST" skipped="2">
  <testcase classname="newallure.NewTest3" name="testMethod3" time="0.004">
    <skipped/>
  </testcase> <!-- testMethod3 -->
  <system-out/>
  <testcase classname="newallure.NewTest3" name="testMethod4" time="0.005">
    <skipped/>
  </testcase> <!-- testMethod4 -->
  <system-out/>
</testsuite> <!-- newallure.NewTest3 -->
