<?xml version="1.0" encoding="UTF-8"?>
<!-- Generated by org.testng.reporters.JUnitReportReporter -->
<testsuite hostname="Acer" failures="0" tests="2" name="TestAnnotationExectusion" time="0.010" errors="0" timestamp="2024-01-18T12:16:05 IST" skipped="0">
  <testcase classname="TestAnnotationExectusion" name="f" time="0.008"/>
  <system-out/>
  <testcase classname="TestAnnotationExectusion" name="f1" time="0.002"/>
  <system-out/>
</testsuite> <!-- TestAnnotationExectusion -->
